SF:lib/src/animated_otp_input_widget.dart
DA:119,2
DA:135,1
DA:136,1
DA:146,1
DA:148,1
DA:149,6
DA:150,6
DA:152,2
DA:153,5
DA:155,5
DA:157,5
DA:158,4
DA:159,4
DA:160,2
DA:161,5
DA:167,1
DA:169,2
DA:170,1
DA:172,2
DA:173,1
DA:175,1
DA:178,1
DA:179,6
DA:180,4
DA:181,4
DA:183,3
DA:184,3
DA:186,3
DA:190,1
DA:193,2
DA:194,4
DA:195,6
DA:199,1
DA:201,1
DA:203,1
DA:204,1
DA:206,4
DA:207,1
DA:209,5
DA:210,3
DA:212,3
DA:213,1
DA:214,3
DA:215,2
DA:216,1
DA:217,4
DA:218,4
DA:219,2
DA:221,1
DA:222,2
DA:223,2
DA:224,2
DA:225,2
DA:226,2
DA:227,2
DA:228,2
DA:229,1
DA:230,4
DA:231,1
DA:232,1
DA:233,1
DA:234,2
DA:235,1
DA:236,4
DA:237,1
DA:238,1
DA:239,1
DA:248,4
DA:253,3
DA:254,3
DA:255,1
DA:258,3
DA:259,3
DA:260,3
DA:261,1
DA:262,3
DA:263,0
DA:264,1
DA:265,3
DA:266,3
DA:269,3
DA:270,1
DA:271,3
DA:272,0
DA:273,1
DA:274,3
DA:275,3
DA:278,3
DA:279,1
DA:280,3
DA:281,0
DA:282,1
DA:283,3
DA:284,3
DA:287,2
DA:288,1
DA:289,3
DA:290,0
DA:291,1
DA:292,3
DA:293,3
DA:296,3
DA:297,1
DA:298,3
DA:299,0
DA:300,1
DA:302,3
DA:303,3
DA:306,1
DA:307,5
DA:308,3
DA:309,2
DA:310,3
DA:312,5
DA:313,4
DA:314,2
DA:315,4
DA:316,5
DA:317,2
DA:326,2
DA:327,1
DA:329,1
DA:330,2
DA:331,3
DA:332,0
DA:333,0
LF:126
LH:119
end_of_record
SF:lib/src/otp_input_theme.dart
DA:57,2
LF:1
LH:1
end_of_record
