SF:lib/src/animated_otp_input_widget.dart
DA:197,3
DA:217,2
DA:218,2
DA:228,2
DA:230,2
DA:231,12
DA:232,12
DA:234,4
DA:235,10
DA:237,10
DA:239,10
DA:240,8
DA:241,8
DA:242,4
DA:243,10
DA:249,2
DA:251,4
DA:252,2
DA:254,4
DA:255,2
DA:257,2
DA:260,1
DA:261,6
DA:262,4
DA:263,4
DA:265,3
DA:266,3
DA:268,3
DA:272,2
DA:273,2
DA:275,2
DA:276,2
DA:278,2
DA:279,0
DA:281,2
DA:282,2
DA:284,0
DA:285,0
DA:287,0
DA:292,2
DA:295,4
DA:296,8
DA:297,12
DA:301,2
DA:303,2
DA:304,2
DA:307,2
DA:309,8
DA:310,2
DA:311,4
DA:312,6
DA:314,6
DA:316,6
DA:317,2
DA:319,6
DA:320,4
DA:321,2
DA:322,8
DA:323,8
DA:324,4
DA:326,2
DA:327,4
DA:328,4
DA:329,4
DA:330,4
DA:331,4
DA:332,4
DA:333,2
DA:334,1
DA:335,4
DA:336,2
DA:337,2
DA:338,2
DA:339,2
DA:340,2
DA:341,2
DA:342,8
DA:343,1
DA:344,1
DA:345,1
DA:354,8
DA:359,6
DA:360,6
DA:361,2
DA:364,6
DA:365,6
DA:366,6
DA:367,2
DA:368,6
DA:369,0
DA:370,2
DA:371,6
DA:373,6
DA:376,6
DA:377,2
DA:378,6
DA:379,0
DA:380,2
DA:381,6
DA:382,6
DA:385,6
DA:386,2
DA:387,6
DA:388,0
DA:389,2
DA:390,6
DA:391,6
DA:394,4
DA:395,6
DA:396,2
DA:397,6
DA:398,0
DA:399,2
DA:400,6
DA:402,6
DA:405,6
DA:406,2
DA:407,6
DA:408,0
DA:409,2
DA:410,2
DA:411,2
DA:412,2
DA:417,2
DA:418,10
DA:419,5
DA:420,4
DA:421,6
DA:425,10
DA:426,6
DA:427,10
DA:428,6
DA:430,4
DA:434,4
DA:435,6
DA:436,10
DA:437,6
DA:440,10
DA:441,8
DA:442,3
DA:443,4
DA:452,4
DA:453,2
DA:455,2
DA:456,4
DA:457,6
DA:458,1
DA:459,3
LF:148
LH:139
end_of_record
SF:lib/src/otp_input_theme.dart
DA:57,3
LF:1
LH:1
end_of_record
